<?xml version="1.0" encoding="UTF-8"?>
<!-- Generated by org.testng.reporters.JUnitReportReporter -->
<testsuite hostname="Ricardos-MacBook-Pro.local" failures="0" tests="1" name="com.google.qa.FirstTest" time="14.133" errors="0" timestamp="29 Apr 2023 16:52:13 GMT" skipped="0">
  <testcase classname="com.google.qa.FirstTest" name="f" time="14.133"/>
</testsuite> <!-- com.google.qa.FirstTest -->
